<html>
<head>
<title>TestNG:  Default test</title>
<link href="../testng.css" rel="stylesheet" type="text/css" />
<link href="../my-testng.css" rel="stylesheet" type="text/css" />

<style type="text/css">
.log { display: none;} 
.stack-trace { display: none;} 
</style>
<script type="text/javascript">
<!--
function flip(e) {
  current = e.style.display;
  if (current == 'block') {
    e.style.display = 'none';
    return 0;
  }
  else {
    e.style.display = 'block';
    return 1;
  }
}

function toggleBox(szDivId, elem, msg1, msg2)
{
  var res = -1;  if (document.getElementById) {
    res = flip(document.getElementById(szDivId));
  }
  else if (document.all) {
    // this is the way old msie versions work
    res = flip(document.all[szDivId]);
  }
  if(elem) {
    if(res == 0) elem.innerHTML = msg1; else elem.innerHTML = msg2;
  }

}

function toggleAllBoxes() {
  if (document.getElementsByTagName) {
    d = document.getElementsByTagName('div');
    for (i = 0; i < d.length; i++) {
      if (d[i].className == 'log') {
        flip(d[i]);
      }
    }
  }
}

// -->
</script>

</head>
<body>
<h2 align='center'>Default test</h2><table border='1' align="center">
<tr>
<td>Tests passed/Failed/Skipped:</td><td>5/1/0</td>
</tr><tr>
<td>Started on:</td><td>Thu Jan 26 15:02:43 IST 2023</td>
</tr>
<tr><td>Total time:</td><td>201 seconds (201272 ms)</td>
</tr><tr>
<td>Included groups:</td><td></td>
</tr><tr>
<td>Excluded groups:</td><td></td>
</tr>
</table><p/>
<small><i>(Hover the method name to see the test class name)</i></small><p/>
<table width='100%' border='1' class='invocation-failed'>
<tr><td colspan='4' align='center'><b>FAILED TESTS</b></td></tr>
<tr><td><b>Test method</b></td>
<td width="30%"><b>Exception</b></td>
<td width="10%"><b>Time (seconds)</b></td>
<td><b>Instance</b></td>
</tr>
<tr>
<td title='dataProvider.ValidateNeoStoxUserNameUsingPropertyFile.validateUserName()'><b>validateUserName</b><br>Test class: dataProvider.ValidateNeoStoxUserNameUsingPropertyFile<br>Parameters: 9421357890, 9839, Hi Ujwala<br/>
<a href="#Output-182584006" onClick='toggleBox("Output-182584006", this, "Show output", "Hide output");'>Show output</a>

<a href="#Output-182584006" onClick="toggleAllBoxes();">Show all outputs</a>
<div class='log' id="Output-182584006">
clicking on signin button<br/>
waiting for1000ms<br/>
waiting for1000ms<br/>
waiting for1000ms<br/>
TC validateUserName failed <br/>
taking screenshot<br/>
screenShot taken and saved atF:\ScreenShot\validateUserName.png<br/>
</div>
</td>
<td><div><pre>org.openqa.selenium.NoSuchElementException: no such element: Unable to locate element: {&quot;method&quot;:&quot;xpath&quot;,&quot;selector&quot;:&quot;(//a[text()=&apos;OK&apos;])[2]&quot;}
  (Session info: chrome=109.0.5414.119)
For documentation on this error, please visit: https://selenium.dev/exceptions/#no_such_element
Build info: version: &apos;4.5.3&apos;, revision: &apos;4b786a1e430&apos;
System info: os.name: &apos;Windows 10&apos;, os.arch: &apos;amd64&apos;, os.version: &apos;10.0&apos;, java.version: &apos;11.0.16&apos;
Driver info: org.openqa.selenium.chrome.ChromeDriver
Command: [6d814f6ed168648020447b83a701f14e, findElement {using=xpath, value=(//a[text()=&apos;OK&apos;])[2]}]
Capabilities {acceptInsecureCerts: false, browserName: chrome, browserVersion: 109.0.5414.119, chrome: {chromedriverVersion: 109.0.5414.74 (e7c5703604da..., userDataDir: C:\Users\hi\AppData\Local\T...}, goog:chromeOptions: {debuggerAddress: localhost:56078}, networkConnectionEnabled: false, pageLoadStrategy: normal, platformName: WINDOWS, proxy: Proxy(), se:cdp: ws://localhost:56078/devtoo..., se:cdpVersion: 109.0.5414.119, setWindowRect: true, strictFileInteractability: false, timeouts: {implicit: 0, pageLoad: 300000, script: 30000}, unhandledPromptBehavior: dismiss and notify, webauthn:extension:credBlob: true, webauthn:extension:largeBlob: true, webauthn:virtualAuthenticators: true}
Session ID: 6d814f6ed168648020447b83a701f14e
	at java.base/jdk.internal.reflect.NativeConstructorAccessorImpl.newInstance0(Native Method)
	at java.base/jdk.internal.reflect.NativeConstructorAccessorImpl.newInstance(NativeConstructorAccessorImpl.java:62)
	at java.base/jdk.internal.reflect.DelegatingConstructorAccessorImpl.newInstance(DelegatingConstructorAccessorImpl.java:45)
	at java.base/java.lang.reflect.Constructor.newInstance(Constructor.java:490)
	at org.openqa.selenium.remote.codec.w3c.W3CHttpResponseCodec.createException(W3CHttpResponseCodec.java:200)
	at org.openqa.selenium.remote.codec.w3c.W3CHttpResponseCodec.decode(W3CHttpResponseCodec.java:133)
	at org.openqa.selenium.remote.codec.w3c.W3CHttpResponseCodec.decode(W3CHttpResponseCodec.java:53)
	at org.openqa.selenium.remote.HttpCommandExecutor.execute(HttpCommandExecutor.java:184)
	at org.openqa.selenium.remote.service.DriverCommandExecutor.invokeExecute(DriverCommandExecutor.java:167)
	at org.openqa.selenium.remote.service.DriverCommandExecutor.execute(DriverCommandExecutor.java:142)
	at org.openqa.selenium.remote.RemoteWebDriver.execute(RemoteWebDriver.java:541)
	at org.openqa.selenium.remote.ElementLocation$ElementFinder$2.findElement(ElementLocation.java:162)
	at org.openqa.selenium.remote.ElementLocation.findElement(ElementLocation.java:60)
	at org.openqa.selenium.remote.RemoteWebDriver.findElement(RemoteWebDriver.java:365)
	at org.openqa.selenium.remote.RemoteWebDriver.findElement(RemoteWebDriver.java:357)
	at org.openqa.selenium.support.pagefactory.DefaultElementLocator.findElement(DefaultElementLocator.java:70)
	at org.openqa.selenium.support.pagefactory.internal.LocatingElementHandler.invoke(LocatingElementHandler.java:39)
	at com.sun.proxy.$Proxy18.click(Unknown Source)
	at testNGneoStoxPOMClassesUsingDDF.NeoStoxDashBoardPage.handlePopUp(NeoStoxDashBoardPage.java:24)
	at dataProvider.ValidateNeoStoxUserNameUsingPropertyFile.validateUserName(ValidateNeoStoxUserNameUsingPropertyFile.java:59)
	at java.base/jdk.internal.reflect.NativeMethodAccessorImpl.invoke0(Native Method)
	at java.base/jdk.internal.reflect.NativeMethodAccessorImpl.invoke(NativeMethodAccessorImpl.java:62)
	at java.base/jdk.internal.reflect.DelegatingMethodAccessorImpl.invoke(DelegatingMethodAccessorImpl.java:43)
	at java.base/java.lang.reflect.Method.invoke(Method.java:566)
	at org.testng.internal.MethodInvocationHelper.invokeMethod(MethodInvocationHelper.java:133)
	at org.testng.internal.TestInvoker.invokeMethod(TestInvoker.java:598)
	at org.testng.internal.TestInvoker.invokeTestMethod(TestInvoker.java:173)
	at org.testng.internal.MethodRunner.runInSequence(MethodRunner.java:46)
	at org.testng.internal.TestInvoker$MethodInvocationAgent.invoke(TestInvoker.java:824)
	at org.testng.internal.TestInvoker.invokeTestMethods(TestInvoker.java:146)
	at org.testng.internal.TestMethodWorker.invokeTestMethods(TestMethodWorker.java:146)
	at org.testng.internal.TestMethodWorker.run(TestMethodWorker.java:128)
	at java.base/java.util.ArrayList.forEach(ArrayList.java:1541)
	at org.testng.TestRunner.privateRun(TestRunner.java:794)
	at org.testng.TestRunner.run(TestRunner.java:596)
	at org.testng.SuiteRunner.runTest(SuiteRunner.java:377)
	at org.testng.SuiteRunner.runSequentially(SuiteRunner.java:371)
	at org.testng.SuiteRunner.privateRun(SuiteRunner.java:332)
	at org.testng.SuiteRunner.run(SuiteRunner.java:276)
	at org.testng.SuiteRunnerWorker.runSuite(SuiteRunnerWorker.java:53)
	at org.testng.SuiteRunnerWorker.run(SuiteRunnerWorker.java:96)
	at org.testng.TestNG.runSuitesSequentially(TestNG.java:1212)
	at org.testng.TestNG.runSuitesLocally(TestNG.java:1134)
	at org.testng.TestNG.runSuites(TestNG.java:1063)
	at org.testng.TestNG.run(TestNG.java:1031)
	at org.testng.remote.AbstractRemoteTestNG.run(AbstractRemoteTestNG.java:115)
	at org.testng.remote.RemoteTestNG.initAndRun(RemoteTestNG.java:251)
	at org.testng.remote.RemoteTestNG.main(RemoteTestNG.java:77)
</pre></div><a href='#' onClick='toggleBox("stack-trace182584006", this, "Click to show all stack frames", "Click to hide stack frames")'>Click to show all stack frames</a>
<div class='stack-trace' id='stack-trace182584006'><pre>org.openqa.selenium.NoSuchElementException: no such element: Unable to locate element: {&quot;method&quot;:&quot;xpath&quot;,&quot;selector&quot;:&quot;(//a[text()=&apos;OK&apos;])[2]&quot;}
  (Session info: chrome=109.0.5414.119)
For documentation on this error, please visit: https://selenium.dev/exceptions/#no_such_element
Build info: version: &apos;4.5.3&apos;, revision: &apos;4b786a1e430&apos;
System info: os.name: &apos;Windows 10&apos;, os.arch: &apos;amd64&apos;, os.version: &apos;10.0&apos;, java.version: &apos;11.0.16&apos;
Driver info: org.openqa.selenium.chrome.ChromeDriver
Command: [6d814f6ed168648020447b83a701f14e, findElement {using=xpath, value=(//a[text()=&apos;OK&apos;])[2]}]
Capabilities {acceptInsecureCerts: false, browserName: chrome, browserVersion: 109.0.5414.119, chrome: {chromedriverVersion: 109.0.5414.74 (e7c5703604da..., userDataDir: C:\Users\hi\AppData\Local\T...}, goog:chromeOptions: {debuggerAddress: localhost:56078}, networkConnectionEnabled: false, pageLoadStrategy: normal, platformName: WINDOWS, proxy: Proxy(), se:cdp: ws://localhost:56078/devtoo..., se:cdpVersion: 109.0.5414.119, setWindowRect: true, strictFileInteractability: false, timeouts: {implicit: 0, pageLoad: 300000, script: 30000}, unhandledPromptBehavior: dismiss and notify, webauthn:extension:credBlob: true, webauthn:extension:largeBlob: true, webauthn:virtualAuthenticators: true}
Session ID: 6d814f6ed168648020447b83a701f14e
	at java.base/jdk.internal.reflect.NativeConstructorAccessorImpl.newInstance0(Native Method)
	at java.base/jdk.internal.reflect.NativeConstructorAccessorImpl.newInstance(NativeConstructorAccessorImpl.java:62)
	at java.base/jdk.internal.reflect.DelegatingConstructorAccessorImpl.newInstance(DelegatingConstructorAccessorImpl.java:45)
	at java.base/java.lang.reflect.Constructor.newInstance(Constructor.java:490)
	at org.openqa.selenium.remote.codec.w3c.W3CHttpResponseCodec.createException(W3CHttpResponseCodec.java:200)
	at org.openqa.selenium.remote.codec.w3c.W3CHttpResponseCodec.decode(W3CHttpResponseCodec.java:133)
	at org.openqa.selenium.remote.codec.w3c.W3CHttpResponseCodec.decode(W3CHttpResponseCodec.java:53)
	at org.openqa.selenium.remote.HttpCommandExecutor.execute(HttpCommandExecutor.java:184)
	at org.openqa.selenium.remote.service.DriverCommandExecutor.invokeExecute(DriverCommandExecutor.java:167)
	at org.openqa.selenium.remote.service.DriverCommandExecutor.execute(DriverCommandExecutor.java:142)
	at org.openqa.selenium.remote.RemoteWebDriver.execute(RemoteWebDriver.java:541)
	at org.openqa.selenium.remote.ElementLocation$ElementFinder$2.findElement(ElementLocation.java:162)
	at org.openqa.selenium.remote.ElementLocation.findElement(ElementLocation.java:60)
	at org.openqa.selenium.remote.RemoteWebDriver.findElement(RemoteWebDriver.java:365)
	at org.openqa.selenium.remote.RemoteWebDriver.findElement(RemoteWebDriver.java:357)
	at org.openqa.selenium.support.pagefactory.DefaultElementLocator.findElement(DefaultElementLocator.java:70)
	at org.openqa.selenium.support.pagefactory.internal.LocatingElementHandler.invoke(LocatingElementHandler.java:39)
	at com.sun.proxy.$Proxy18.click(Unknown Source)
	at testNGneoStoxPOMClassesUsingDDF.NeoStoxDashBoardPage.handlePopUp(NeoStoxDashBoardPage.java:24)
	at dataProvider.ValidateNeoStoxUserNameUsingPropertyFile.validateUserName(ValidateNeoStoxUserNameUsingPropertyFile.java:59)
	at java.base/jdk.internal.reflect.NativeMethodAccessorImpl.invoke0(Native Method)
	at java.base/jdk.internal.reflect.NativeMethodAccessorImpl.invoke(NativeMethodAccessorImpl.java:62)
	at java.base/jdk.internal.reflect.DelegatingMethodAccessorImpl.invoke(DelegatingMethodAccessorImpl.java:43)
	at java.base/java.lang.reflect.Method.invoke(Method.java:566)
	at org.testng.internal.MethodInvocationHelper.invokeMethod(MethodInvocationHelper.java:133)
	at org.testng.internal.TestInvoker.invokeMethod(TestInvoker.java:598)
	at org.testng.internal.TestInvoker.invokeTestMethod(TestInvoker.java:173)
	at org.testng.internal.MethodRunner.runInSequence(MethodRunner.java:46)
	at org.testng.internal.TestInvoker$MethodInvocationAgent.invoke(TestInvoker.java:824)
	at org.testng.internal.TestInvoker.invokeTestMethods(TestInvoker.java:146)
	at org.testng.internal.TestMethodWorker.invokeTestMethods(TestMethodWorker.java:146)
	at org.testng.internal.TestMethodWorker.run(TestMethodWorker.java:128)
	at java.base/java.util.ArrayList.forEach(ArrayList.java:1541)
	at org.testng.TestRunner.privateRun(TestRunner.java:794)
	at org.testng.TestRunner.run(TestRunner.java:596)
	at org.testng.SuiteRunner.runTest(SuiteRunner.java:377)
	at org.testng.SuiteRunner.runSequentially(SuiteRunner.java:371)
	at org.testng.SuiteRunner.privateRun(SuiteRunner.java:332)
	at org.testng.SuiteRunner.run(SuiteRunner.java:276)
	at org.testng.SuiteRunnerWorker.runSuite(SuiteRunnerWorker.java:53)
	at org.testng.SuiteRunnerWorker.run(SuiteRunnerWorker.java:96)
	at org.testng.TestNG.runSuitesSequentially(TestNG.java:1212)
	at org.testng.TestNG.runSuitesLocally(TestNG.java:1134)
	at org.testng.TestNG.runSuites(TestNG.java:1063)
	at org.testng.TestNG.run(TestNG.java:1031)
	at org.testng.remote.AbstractRemoteTestNG.run(AbstractRemoteTestNG.java:115)
	at org.testng.remote.RemoteTestNG.initAndRun(RemoteTestNG.java:251)
	at org.testng.remote.RemoteTestNG.main(RemoteTestNG.java:77)
</pre></div></td>
<td>7</td>
<td>dataProvider.ValidateNeoStoxUserNameUsingPropertyFile@2ea41516</td></tr>
</table><p>
<table width='100%' border='1' class='invocation-passed'>
<tr><td colspan='4' align='center'><b>PASSED TESTS</b></td></tr>
<tr><td><b>Test method</b></td>
<td width="30%"><b>Exception</b></td>
<td width="10%"><b>Time (seconds)</b></td>
<td><b>Instance</b></td>
</tr>
<tr>
<td title='dataProvider.ValidateNeoStoxUserNameUsingPropertyFile.validateACBalance()'><b>validateACBalance</b><br>Test class: dataProvider.ValidateNeoStoxUserNameUsingPropertyFile<br>Parameters: 9421357890, 9838<br/>
<a href="#Output-1400671358" onClick='toggleBox("Output-1400671358", this, "Show output", "Hide output");'>Show output</a>

<a href="#Output-1400671358" onClick="toggleAllBoxes();">Show all outputs</a>
<div class='log' id="Output-1400671358">
clicking on signin button<br/>
waiting for1000ms<br/>
waiting for1000ms<br/>
waiting for1000ms<br/>
getting AC Balance<br/>
Account balance is Rs.5,00,000.00<br/>
TC validateACBalance passed <br/>
</div>
</td>
<td></td>
<td>17</td>
<td>dataProvider.ValidateNeoStoxUserNameUsingPropertyFile@2ea41516</td></tr>
<tr>
<td title='dataProvider.ValidateNeoStoxUserNameUsingPropertyFile.validateACBalance()'><b>validateACBalance</b><br>Test class: dataProvider.ValidateNeoStoxUserNameUsingPropertyFile<br>Parameters: 7387901637, 9362<br/>
<a href="#Output-1202168065" onClick='toggleBox("Output-1202168065", this, "Show output", "Hide output");'>Show output</a>

<a href="#Output-1202168065" onClick="toggleAllBoxes();">Show all outputs</a>
<div class='log' id="Output-1202168065">
clicking on signin button<br/>
waiting for1000ms<br/>
waiting for1000ms<br/>
waiting for1000ms<br/>
getting AC Balance<br/>
Account balance is Rs.4,97,940.00<br/>
TC validateACBalance passed <br/>
</div>
</td>
<td></td>
<td>20</td>
<td>dataProvider.ValidateNeoStoxUserNameUsingPropertyFile@2ea41516</td></tr>
<tr>
<td title='dataProvider.ValidateNeoStoxUserNameUsingPropertyFile.validateACBalance()'><b>validateACBalance</b><br>Test class: dataProvider.ValidateNeoStoxUserNameUsingPropertyFile<br>Parameters: 8805568380, 2303<br/>
<a href="#Output-465621833" onClick='toggleBox("Output-465621833", this, "Show output", "Hide output");'>Show output</a>

<a href="#Output-465621833" onClick="toggleAllBoxes();">Show all outputs</a>
<div class='log' id="Output-465621833">
clicking on signin button<br/>
waiting for1000ms<br/>
waiting for1000ms<br/>
waiting for1000ms<br/>
getting AC Balance<br/>
Account balance is Rs.5,00,000.00<br/>
TC validateACBalance passed <br/>
</div>
</td>
<td></td>
<td>24</td>
<td>dataProvider.ValidateNeoStoxUserNameUsingPropertyFile@2ea41516</td></tr>
<tr>
<td title='dataProvider.ValidateNeoStoxUserNameUsingPropertyFile.validateUserName()'><b>validateUserName</b><br>Test class: dataProvider.ValidateNeoStoxUserNameUsingPropertyFile<br>Parameters: 8805568380, 2303, Hi Pooja Talekar<br/>
<a href="#Output-1917860633" onClick='toggleBox("Output-1917860633", this, "Show output", "Hide output");'>Show output</a>

<a href="#Output-1917860633" onClick="toggleAllBoxes();">Show all outputs</a>
<div class='log' id="Output-1917860633">
clicking on signin button<br/>
waiting for1000ms<br/>
waiting for1000ms<br/>
waiting for1000ms<br/>
TC validateUserName passed <br/>
</div>
</td>
<td></td>
<td>15</td>
<td>dataProvider.ValidateNeoStoxUserNameUsingPropertyFile@2ea41516</td></tr>
<tr>
<td title='dataProvider.ValidateNeoStoxUserNameUsingPropertyFile.validateUserName()'><b>validateUserName</b><br>Test class: dataProvider.ValidateNeoStoxUserNameUsingPropertyFile<br>Parameters: 7387901637, 9362, Hi Ankush More<br/>
<a href="#Output-1499588909" onClick='toggleBox("Output-1499588909", this, "Show output", "Hide output");'>Show output</a>

<a href="#Output-1499588909" onClick="toggleAllBoxes();">Show all outputs</a>
<div class='log' id="Output-1499588909">
clicking on signin button<br/>
waiting for1000ms<br/>
waiting for1000ms<br/>
waiting for1000ms<br/>
TC validateUserName passed <br/>
</div>
</td>
<td></td>
<td>15</td>
<td>dataProvider.ValidateNeoStoxUserNameUsingPropertyFile@2ea41516</td></tr>
</table><p>
</body>
</html>